<?xml version="1.0" encoding="UTF-8"?>
<robot generator="Robot 3.2.1 (Python 3.8.2 on win32)" generated="20200508 09:24:55.917" rpa="false">
<suite id="s1" name="TestSuite1" source="D:\Personal\Work\Personal\Learning\RobotFramework\RobotProject\Test\TestSuite1.robot">
<kw name="Log" library="BuiltIn" type="setup">
<doc>Logs the given message with the given level.</doc>
<arguments>
<arg>Test Suite Setup</arg>
</arguments>
<msg timestamp="20200508 09:24:56.136" level="INFO">Test Suite Setup</msg>
<status status="PASS" starttime="20200508 09:24:56.136" endtime="20200508 09:24:56.136"></status>
</kw>
<test id="s1-t1" name="MyFirstTest">
<kw name="Log" library="BuiltIn" type="setup">
<doc>Logs the given message with the given level.</doc>
<arguments>
<arg>Test Case Setup</arg>
</arguments>
<msg timestamp="20200508 09:24:56.137" level="INFO">Test Case Setup</msg>
<status status="PASS" starttime="20200508 09:24:56.137" endtime="20200508 09:24:56.138"></status>
</kw>
<kw name="Log" library="BuiltIn">
<doc>Logs the given message with the given level.</doc>
<arguments>
<arg>Hello World..!</arg>
</arguments>
<msg timestamp="20200508 09:24:56.138" level="INFO">Hello World..!</msg>
<status status="PASS" starttime="20200508 09:24:56.138" endtime="20200508 09:24:56.138"></status>
</kw>
<kw name="Log" library="BuiltIn" type="teardown">
<doc>Logs the given message with the given level.</doc>
<arguments>
<arg>Test Case Teardown</arg>
</arguments>
<msg timestamp="20200508 09:24:56.139" level="INFO">Test Case Teardown</msg>
<status status="PASS" starttime="20200508 09:24:56.139" endtime="20200508 09:24:56.139"></status>
</kw>
<tags>
<tag>Smoke</tag>
</tags>
<status status="PASS" starttime="20200508 09:24:56.136" endtime="20200508 09:24:56.139" critical="yes"></status>
</test>
<test id="s1-t2" name="FirstSeleniumTest">
<kw name="Log" library="BuiltIn" type="setup">
<doc>Logs the given message with the given level.</doc>
<arguments>
<arg>Test Case Setup</arg>
</arguments>
<msg timestamp="20200508 09:24:56.141" level="INFO">Test Case Setup</msg>
<status status="PASS" starttime="20200508 09:24:56.141" endtime="20200508 09:24:56.141"></status>
</kw>
<kw name="Set Tags" library="BuiltIn">
<doc>Adds given ``tags`` for the current test or all tests in a suite.</doc>
<arguments>
<arg>Regression Test</arg>
</arguments>
<msg timestamp="20200508 09:24:56.142" level="INFO">Set tag 'Regression Test'.</msg>
<status status="PASS" starttime="20200508 09:24:56.142" endtime="20200508 09:24:56.142"></status>
</kw>
<kw name="Open Browser" library="SeleniumLibrary">
<doc>Opens a new browser instance to the optional ``url``.</doc>
<arguments>
<arg>https://www.google.com/</arg>
<arg>chrome</arg>
</arguments>
<msg timestamp="20200508 09:24:56.143" level="INFO">Opening browser 'chrome' to base url 'https://www.google.com/'.</msg>
<status status="PASS" starttime="20200508 09:24:56.142" endtime="20200508 09:25:04.701"></status>
</kw>
<kw name="Set Browser Implicit Wait" library="SeleniumLibrary">
<doc>Sets the implicit wait value used by Selenium.</doc>
<arguments>
<arg>5</arg>
</arguments>
<status status="PASS" starttime="20200508 09:25:04.701" endtime="20200508 09:25:04.702"></status>
</kw>
<kw name="Maximize Browser Window" library="SeleniumLibrary">
<doc>Maximizes current browser window.</doc>
<status status="PASS" starttime="20200508 09:25:04.703" endtime="20200508 09:25:06.904"></status>
</kw>
<kw name="Input Text" library="SeleniumLibrary">
<doc>Types the given ``text`` into the text field identified by ``locator``.</doc>
<arguments>
<arg>name=q</arg>
<arg>Step By Step Automation</arg>
</arguments>
<msg timestamp="20200508 09:25:06.905" level="INFO">Typing text 'Step By Step Automation' into text field 'name=q'.</msg>
<status status="PASS" starttime="20200508 09:25:06.905" endtime="20200508 09:25:07.213"></status>
</kw>
<kw name="Press Keys" library="SeleniumLibrary">
<doc>Simulates the user pressing key(s) to an element or on the active browser.</doc>
<arguments>
<arg>name=q</arg>
<arg>ENTER</arg>
</arguments>
<msg timestamp="20200508 09:25:07.216" level="INFO">Sending key(s) ('ENTER',) to name=q element.</msg>
<msg timestamp="20200508 09:25:07.569" level="INFO">Pressing special key ENTER to element.</msg>
<msg timestamp="20200508 09:25:07.570" level="INFO">Releasing special key ENTER.</msg>
<status status="PASS" starttime="20200508 09:25:07.215" endtime="20200508 09:25:09.909"></status>
</kw>
<kw name="Sleep" library="BuiltIn">
<doc>Pauses the test executed for the given time.</doc>
<arguments>
<arg>3</arg>
</arguments>
<msg timestamp="20200508 09:25:12.920" level="INFO">Slept 3 seconds</msg>
<status status="PASS" starttime="20200508 09:25:09.910" endtime="20200508 09:25:12.922"></status>
</kw>
<kw name="Close Browser" library="SeleniumLibrary">
<doc>Closes the current browser.</doc>
<status status="PASS" starttime="20200508 09:25:12.924" endtime="20200508 09:25:15.439"></status>
</kw>
<kw name="Log" library="BuiltIn">
<doc>Logs the given message with the given level.</doc>
<arguments>
<arg>First Selenium Test is completed</arg>
</arguments>
<msg timestamp="20200508 09:25:15.443" level="INFO">First Selenium Test is completed</msg>
<status status="PASS" starttime="20200508 09:25:15.443" endtime="20200508 09:25:15.445"></status>
</kw>
<kw name="Log" library="BuiltIn" type="teardown">
<doc>Logs the given message with the given level.</doc>
<arguments>
<arg>Test Case Teardown</arg>
</arguments>
<msg timestamp="20200508 09:25:15.447" level="INFO">Test Case Teardown</msg>
<status status="PASS" starttime="20200508 09:25:15.447" endtime="20200508 09:25:15.447"></status>
</kw>
<tags>
<tag>Regression Test</tag>
<tag>Sanity</tag>
</tags>
<status status="PASS" starttime="20200508 09:24:56.141" endtime="20200508 09:25:15.452" critical="yes"></status>
</test>
<test id="s1-t3" name="FacebookLoginTest">
<kw name="Log" library="BuiltIn" type="setup">
<doc>Logs the given message with the given level.</doc>
<arguments>
<arg>Test Case Setup</arg>
</arguments>
<msg timestamp="20200508 09:25:15.465" level="INFO">Test Case Setup</msg>
<status status="PASS" starttime="20200508 09:25:15.464" endtime="20200508 09:25:15.465"></status>
</kw>
<kw name="Set Tags" library="BuiltIn">
<doc>Adds given ``tags`` for the current test or all tests in a suite.</doc>
<arguments>
<arg>System Test</arg>
</arguments>
<msg timestamp="20200508 09:25:15.469" level="INFO">Set tag 'System Test'.</msg>
<status status="PASS" starttime="20200508 09:25:15.469" endtime="20200508 09:25:15.469"></status>
</kw>
<kw name="Remove Tags" library="BuiltIn">
<doc>Removes given ``tags`` from the current test or all tests in a suite.</doc>
<arguments>
<arg>System Test</arg>
</arguments>
<msg timestamp="20200508 09:25:15.480" level="INFO">Removed tag 'System Test'.</msg>
<status status="PASS" starttime="20200508 09:25:15.475" endtime="20200508 09:25:15.481"></status>
</kw>
<kw name="Log" library="BuiltIn">
<doc>Logs the given message with the given level.</doc>
<arguments>
<arg>Test Name is ${TEST NAME}</arg>
</arguments>
<msg timestamp="20200508 09:25:15.483" level="INFO">Test Name is FacebookLoginTest</msg>
<status status="PASS" starttime="20200508 09:25:15.483" endtime="20200508 09:25:15.483"></status>
</kw>
<kw name="Log" library="BuiltIn">
<doc>Logs the given message with the given level.</doc>
<arguments>
<arg>Test Tag is @{TEST TAGS}</arg>
</arguments>
<msg timestamp="20200508 09:25:15.492" level="INFO">Test Tag is ['Sanity']</msg>
<status status="PASS" starttime="20200508 09:25:15.488" endtime="20200508 09:25:15.492"></status>
</kw>
<kw name="Open Browser" library="SeleniumLibrary">
<doc>Opens a new browser instance to the optional ``url``.</doc>
<arguments>
<arg>${URL}</arg>
<arg>Chrome</arg>
</arguments>
<msg timestamp="20200508 09:25:15.497" level="INFO">Opening browser 'Chrome' to base url 'https://www.google.com/'.</msg>
<status status="PASS" starttime="20200508 09:25:15.495" endtime="20200508 09:25:22.520"></status>
</kw>
<kw name="Set Browser Implicit Wait" library="SeleniumLibrary">
<doc>Sets the implicit wait value used by Selenium.</doc>
<arguments>
<arg>5</arg>
</arguments>
<status status="PASS" starttime="20200508 09:25:22.523" endtime="20200508 09:25:22.529"></status>
</kw>
<kw name="Maximize Browser Window" library="SeleniumLibrary">
<doc>Maximizes current browser window.</doc>
<status status="PASS" starttime="20200508 09:25:22.530" endtime="20200508 09:25:24.657"></status>
</kw>
<kw name="Input Text" library="SeleniumLibrary">
<doc>Types the given ``text`` into the text field identified by ``locator``.</doc>
<arguments>
<arg>name=q</arg>
<arg>orange hrm demo</arg>
</arguments>
<msg timestamp="20200508 09:25:24.658" level="INFO">Typing text 'orange hrm demo' into text field 'name=q'.</msg>
<status status="PASS" starttime="20200508 09:25:24.658" endtime="20200508 09:25:24.831"></status>
</kw>
<kw name="Press Keys" library="SeleniumLibrary">
<doc>Simulates the user pressing key(s) to an element or on the active browser.</doc>
<arguments>
<arg>name=q</arg>
<arg>ENTER</arg>
</arguments>
<msg timestamp="20200508 09:25:24.832" level="INFO">Sending key(s) ('ENTER',) to name=q element.</msg>
<msg timestamp="20200508 09:25:25.133" level="INFO">Pressing special key ENTER to element.</msg>
<msg timestamp="20200508 09:25:25.133" level="INFO">Releasing special key ENTER.</msg>
<status status="PASS" starttime="20200508 09:25:24.831" endtime="20200508 09:25:28.498"></status>
</kw>
<kw name="Click Link" library="SeleniumLibrary">
<doc>Clicks a link identified by ``locator``.</doc>
<arguments>
<arg>OrangeHRM Demo.</arg>
</arguments>
<msg timestamp="20200508 09:25:28.499" level="INFO">Clicking link 'OrangeHRM Demo.'.</msg>
<status status="PASS" starttime="20200508 09:25:28.498" endtime="20200508 09:25:32.411"></status>
</kw>
<kw name="Get Title" library="SeleniumLibrary">
<doc>Returns the title of the current page.</doc>
<status status="PASS" starttime="20200508 09:25:32.412" endtime="20200508 09:25:32.426"></status>
</kw>
<kw name="LoginKW">
<kw name="Input Text" library="SeleniumLibrary">
<doc>Types the given ``text`` into the text field identified by ``locator``.</doc>
<arguments>
<arg>id=txtUsername</arg>
<arg>@{CREDENTIALS}[0]</arg>
</arguments>
<msg timestamp="20200508 09:25:32.429" level="WARN">Accessing variable items using '@{CREDENTIALS}[0]' syntax is deprecated. Use '${CREDENTIALS}[0]' instead.</msg>
<msg timestamp="20200508 09:25:32.431" level="INFO">Typing text 'Admin' into text field 'id=txtUsername'.</msg>
<status status="PASS" starttime="20200508 09:25:32.429" endtime="20200508 09:25:32.679"></status>
</kw>
<kw name="Input Password" library="SeleniumLibrary">
<doc>Types the given password into the text field identified by ``locator``.</doc>
<arguments>
<arg>id=txtPassword</arg>
<arg>&amp;{LOGINDATA}[password]</arg>
</arguments>
<msg timestamp="20200508 09:25:32.679" level="WARN">Accessing variable items using '&amp;{LOGINDATA}[password]' syntax is deprecated. Use '${LOGINDATA}[password]' instead.</msg>
<msg timestamp="20200508 09:25:32.682" level="INFO">Typing password into text field 'id=txtPassword'.</msg>
<msg timestamp="20200508 09:25:32.753" level="INFO">Temporally setting log level to: NONE</msg>
<msg timestamp="20200508 09:25:32.842" level="INFO">Log level changed from NONE to INFO.</msg>
<status status="PASS" starttime="20200508 09:25:32.679" endtime="20200508 09:25:32.842"></status>
</kw>
<kw name="Click Element" library="SeleniumLibrary">
<doc>Click the element identified by ``locator``.</doc>
<arguments>
<arg>id=btnLogin</arg>
</arguments>
<msg timestamp="20200508 09:25:32.843" level="INFO">Clicking element 'id=btnLogin'.</msg>
<status status="PASS" starttime="20200508 09:25:32.843" endtime="20200508 09:25:38.267"></status>
</kw>
<status status="PASS" starttime="20200508 09:25:32.428" endtime="20200508 09:25:38.267"></status>
</kw>
<kw name="Click Element" library="SeleniumLibrary">
<doc>Click the element identified by ``locator``.</doc>
<arguments>
<arg>id=welcome</arg>
</arguments>
<msg timestamp="20200508 09:25:38.268" level="INFO">Clicking element 'id=welcome'.</msg>
<status status="PASS" starttime="20200508 09:25:38.267" endtime="20200508 09:25:38.330"></status>
</kw>
<kw name="Sleep" library="BuiltIn">
<doc>Pauses the test executed for the given time.</doc>
<arguments>
<arg>2</arg>
</arguments>
<msg timestamp="20200508 09:25:40.332" level="INFO">Slept 2 seconds</msg>
<status status="PASS" starttime="20200508 09:25:38.330" endtime="20200508 09:25:40.332"></status>
</kw>
<kw name="Click Link" library="SeleniumLibrary">
<doc>Clicks a link identified by ``locator``.</doc>
<arguments>
<arg>Logout</arg>
</arguments>
<msg timestamp="20200508 09:25:40.338" level="INFO">Clicking link 'Logout'.</msg>
<status status="PASS" starttime="20200508 09:25:40.336" endtime="20200508 09:25:42.300"></status>
</kw>
<kw name="Close Browser" library="SeleniumLibrary">
<doc>Closes the current browser.</doc>
<status status="PASS" starttime="20200508 09:25:42.301" endtime="20200508 09:25:44.757"></status>
</kw>
<kw name="Log" library="BuiltIn">
<doc>Logs the given message with the given level.</doc>
<arguments>
<arg>OrangeHRM LogIn and Logout is Success</arg>
</arguments>
<msg timestamp="20200508 09:25:44.760" level="INFO">OrangeHRM LogIn and Logout is Success</msg>
<status status="PASS" starttime="20200508 09:25:44.760" endtime="20200508 09:25:44.760"></status>
</kw>
<kw name="Log" library="BuiltIn">
<doc>Logs the given message with the given level.</doc>
<arguments>
<arg>This test case is executed by %{username} on %{os}</arg>
</arguments>
<msg timestamp="20200508 09:25:44.764" level="INFO">This test case is executed by prabakaran.v on Windows_NT</msg>
<status status="PASS" starttime="20200508 09:25:44.764" endtime="20200508 09:25:44.764"></status>
</kw>
<kw name="Log" library="BuiltIn">
<doc>Logs the given message with the given level.</doc>
<arguments>
<arg>Test Statis is ${PREV TEST STATUS}</arg>
</arguments>
<msg timestamp="20200508 09:25:44.771" level="INFO">Test Statis is PASS</msg>
<status status="PASS" starttime="20200508 09:25:44.769" endtime="20200508 09:25:44.772"></status>
</kw>
<kw name="Log" library="BuiltIn" type="teardown">
<doc>Logs the given message with the given level.</doc>
<arguments>
<arg>Test Case Teardown</arg>
</arguments>
<msg timestamp="20200508 09:25:44.777" level="INFO">Test Case Teardown</msg>
<status status="PASS" starttime="20200508 09:25:44.776" endtime="20200508 09:25:44.778"></status>
</kw>
<doc>This is Login Test for OrangeHRM Tool</doc>
<tags>
<tag>Sanity</tag>
</tags>
<status status="PASS" starttime="20200508 09:25:15.458" endtime="20200508 09:25:44.780" critical="yes"></status>
</test>
<kw name="Log" library="BuiltIn" type="teardown">
<doc>Logs the given message with the given level.</doc>
<arguments>
<arg>Test Suite Teardown</arg>
</arguments>
<msg timestamp="20200508 09:25:44.791" level="INFO">Test Suite Teardown</msg>
<status status="PASS" starttime="20200508 09:25:44.791" endtime="20200508 09:25:44.791"></status>
</kw>
<status status="PASS" starttime="20200508 09:24:55.922" endtime="20200508 09:25:44.791"></status>
</suite>
<statistics>
<total>
<stat pass="3" fail="0">Critical Tests</stat>
<stat pass="3" fail="0">All Tests</stat>
</total>
<tag>
<stat pass="1" fail="0">Regression Test</stat>
<stat pass="2" fail="0">Sanity</stat>
<stat pass="1" fail="0">Smoke</stat>
</tag>
<suite>
<stat pass="3" fail="0" id="s1" name="TestSuite1">TestSuite1</stat>
</suite>
</statistics>
<errors>
<msg timestamp="20200508 09:25:32.429" level="WARN">Accessing variable items using '@{CREDENTIALS}[0]' syntax is deprecated. Use '${CREDENTIALS}[0]' instead.</msg>
<msg timestamp="20200508 09:25:32.679" level="WARN">Accessing variable items using '&amp;{LOGINDATA}[password]' syntax is deprecated. Use '${LOGINDATA}[password]' instead.</msg>
</errors>
</robot>
